Arguments: 
  C:\Program Files\nodejs\node.exe C:\Users\home\AppData\Roaming\npm\node_modules\yarn\bin\yarn.js add react-navigation@3.0.0

PATH: 
  C:\Program Files (x86)\Intel\Intel(R) Management Engine Components\iCLS\;C:\Program Files\Intel\Intel(R) Management Engine Components\iCLS\;C:\Windows\system32;C:\Windows;C:\Windows\System32\Wbem;C:\Windows\System32\WindowsPowerShell\v1.0\;C:\Windows\System32\OpenSSH\;C:\Program Files (x86)\Intel\Intel(R) Management Engine Components\DAL;C:\Program Files\Intel\Intel(R) Management Engine Components\DAL;C:\Program Files (x86)\Intel\Intel(R) Management Engine Components\IPT;C:\Program Files\Intel\Intel(R) Management Engine Components\IPT;C:\Program Files (x86)\NVIDIA Corporation\PhysX\Common;C:\Program Files\nodejs\;C:\Program Files\Git\cmd;C:\Users\home\AppData\Local\Microsoft\WindowsApps;;C:\Users\home\AppData\Local\Programs\Microsoft VS Code\bin;C:\Users\home\AppData\Roaming\npm

Yarn version: 
  1.12.3

Node version: 
  10.14.1

Platform: 
  win32 x64

Trace: 
  Error: EPERM: operation not permitted, unlink 'C:\Projects\Actokids\ActoKids\node_modules\.cache\@babel\register'

npm manifest: 
  {
    "name": "ActoKids",
    "version": "0.0.1",
    "private": true,
    "scripts": {
      "start": "node node_modules/react-native/local-cli/cli.js start",
      "test": "jest"
    },
    "dependencies": {
      "react": "16.6.0-alpha.8af6728",
      "react-native": "^0.57.7",
      "react-native-check-box": "^2.1.6",
      "react-native-checkbox": "^2.0.0",
      "react-native-deprecated-custom-components": "^0.1.2",
      "react-native-dropdown": "0.0.6",
      "react-native-elements": "^0.19.1",
      "react-native-modal-datetime-picker": "^6.0.0",
      "react-native-modal-dropdown": "^0.6.2",
      "react-native-searchbar": "^1.6.0",
      "react-navigation": "^2.18.2"
    },
    "devDependencies": {
      "@babel/core": "^7.1.6",
      "@babel/plugin-proposal-optional-chaining": "^7.0.0",
      "@babel/preset-env": "^7.1.6",
      "babel-jest": "23.6.0",
      "babel-preset-react-native": "5.0.1",
      "jest": "23.6.0",
      "react-test-renderer": "16.6.0-alpha.8af6728"
    },
    "jest": {
      "preset": "react-native"
    }
  }

yarn manifest: 
  No manifest

Lockfile: 
  No lockfile
